2 0 124
1 1
1 2
1 3
2 4 89
2 5 126
2 6 117
1 7
2 8 102
1 9
2 10 98
1 11
1 12
2 13 90
2 14 112
1 15
2 16 135
2 17 123
2 18 108
2 19 125
1 20
2 21 106
3 22 81 134
2 23 114
2 24 129
2 25 96
2 26 82
2 27 139
2 28 97
1 29
1 30
1 31
2 32 122
2 33 92
2 34 121
2 35 130
2 36 95
1 37
2 38 85
2 39 88
2 40 105
1 41
2 42 94
2 43 87
2 44 136
2 45 109
2 46 115
2 47 128
2 48 104
2 49 110
2 50 103
2 51 116
2 52 118
2 53 137
2 54 119
1 55
2 56 91
2 57 83
2 58 101
2 59 93
2 60 138
1 61
1 62
1 63
1 64
1 65
2 66 107
1 67
2 68 86
2 69 120
2 70 127
2 71 100
2 72 84
1 73
2 74 113
2 75 133
2 76 131
2 77 111
1 78
2 79 132
2 80 99