2 84 3311
2 88 5971
2 187 1228
2 303 3358
2 474 4414
2 568 6457
2 677 9733
1 719
2 1066 2324
1 1178
2 1209 477
2 1315 817
2 1335 1784
2 1515 8425
2 1543 1605
2 1560 3826
2 1757 8484
2 1992 6849
2 2135 6150
2 2356 1773
2 2432 4877
2 2519 6794
2 2571 8630
2 2695 9452
2 2920 7711
2 2949 7156
2 3156 9935
2 3253 4693
2 3580 3148
2 3629 2166
1 3696
2 3869 3257
2 4008 19
2 4078 2942
2 4094 3049
2 4309 1838
2 4377 666
2 4435 7512
2 4525 1194
2 4839 7140
2 5018 3245
2 5299 3005
2 5335 2296
2 5440 3918
2 5868 5358
2 5970 8783
2 6002 3708
1 6031
1 6252
1 6403
2 6412 4208
2 6466 7455
2 6670 1609
2 6783 3147
1 7013
1 7109
2 7399 4706
2 7463 7435
2 7475 9820
2 7928 6135
2 7956 7329
2 7965 3655
2 8175 8965
2 8292 5991
2 8310 3527
2 8640 8262
1 8773
2 9313 3294
2 9393 3236
2 9707 5727
1 9913
2 2465 3546
2 9976 7028
2 4379 7471
2 3607 3409
2 5497 7186
2 9847 8290
1 8878
2 9752 1384
2 2735 8227
2 9084 7210
2 7429 2233
2 7657 4387
2 4090 6329
2 3442 5491
2 5693 3608
2 672 7810
2 6822 1512
2 4494 6493
2 549 7320
2 9619 1113
2 1305 567
2 9563 9852
2 6263 1637
2 5192 3197
2 3055 7398
2 1097 1407
2 4601 8029
2 9003 8932
2 2247 6123
1 2015
2 4742 6529
2 700 7948
2 423 1883
2 8518 9405
2 1273 7612
2 8731 3579
2 6689 1227
1 8890
2 9514 5218
2 2720 4873
2 7861 9090
2 3090 6654
2 713 9864
2 6277 6139
2 5934 658
2 6901 3640
2 6815 4984
2 7070 2424
1 4679
2 5445 5615
1 1105
2 2883 8557
2 3817 3333
2 9305 1492
2 4059 7687
2 1138 8302
2 5324 1414
2 1867 6745
2 4758 3540
1 311
2 6381 9347
2 2917 7287
2 6706 7020
2 7957 9406
2 769 8489
2 519 7293
2 5717 2123
2 4071 7198
2 606 1447
2 8708 696
2 3549 6404
2 7499 6662
2 1776 8020
2 3307 789
2 8477 2297
2 6663 2603
2 5235 8149
2 5300 7114
2 9409 9166
1 8950
2 3167 3596
1 563
2 9679 7864
1 768
2 5860 2589
1 8758
1 8670
2 6916 6189
2 9888 9046
2 6807 5387
2 2316 7108
2 2061 7889
2 5086 1170
2 4058 699
2 4618 6502
2 7929 726
1 7561
2 7401 9402
1 2384
2 4855 5227
2 273 6485
2 6831 5808
2 9325 4583
2 3444 3249
2 5769 3276
2 9140 9463
1 4948
2 8703 1323
2 117 8711
1 7913
2 6695 190
2 7040 8458
2 3855 3651
2 3371 9473
2 8329 3575
2 9675 8158
2 6198 2641
1 9449
2 4307 2738
2 375 1013
1 1040
2 222 7993
2 1005 7129
1 9550
2 3555 5858
1 1135
1 3578
2 5424 8024
2 4894 7891
2 920 1803
2 9799 9649
2 2559 8736
1 6541
2 961 5213
2 372 1406
2 7952 3208
1 3654
2 24 739
2 2869 5743
2 8962 5237
2 4637 109
2 4150 1024
2 6115 1438
2 3988 1630
2 5885 2536
2 541 1372
2 4143 4781
2 6228 2357
1 622
2 1833 7230
2 6961 4260
2 29 9052
2 1664 6658
2 55 3990
2 9523 1860
2 9216 8459
2 9283 2538
2 4842 4885
2 2576 7325
2 4346 7180
2 1888 6199
2 734 1984
2 3149 9920
1 7119
1 4214
1 7862
2 157 4428
2 2986 6884
2 297 1874
1 1978
2 3103 2079
2 5341 2714
2 2912 8055
2 3281 5113
2 5716 5948
1 957
1 6724
2 445 1593
1 3693
2 2020 9985
2 8395 902
1 2008
2 8406 4546
2 5598 9996
1 3030
1 3471
2 7141 3758
1 8102
1 8840
2 585 6110
1 268
1 4495
2 1353 8209
2 5406 5875
1 8342
1 5649
2 7640 4959
2 1528 9128
2 583 7704
1 2941
1 8204
2 3025 6558
1 1735
2 5304 1651
1 4829
2 741 627
1 5381
1 9979
2 8559 6740
1 6321
1 3743
1 9581
1 1269
1 6039
1 8520
1 3457
1 8728
1 4687
2 3564 7553
1 580
1 6649
1 61
1 4788
1 5161
1 6456
1 8179
2 6952 7116
1 7877
1 7799
1 489
2 9207 2838
1 8184
1 8420
1 8675
1 6424
1 5245
1 6160
1 7468
1 1866
1 3692
1 8578
1 9121
1 1993
1 3239
1 9901
1 7911
1 9411
1 1563
1 4882
1 5902
1 7229
1 4066
1 6965
1 610
1 7318
1 2429
1 6633
1 2278
1 2774
1 9020
1 2418
1 9291
1 9626
1 9187
1 8509
1 4586
1 4644
1 2327
1 4098
1 7227
1 6694
1 219
1 2176
1 1815
1 3008
1 5222
1 8271
1 9670
1 2944
1 6361
1 3321
1 3647
1 8564
1 7716
1 113
1 6913
1 6607
1 3168
1 2313
1 1724
1 5402
1 6900
1 2507
1 5343
1 3667
1 554
1 7088
1 8587
1 6418
1 9698
1 8698
1 6780
1 6767
1 6044
1 4056
1 2531
1 3410
1 5881
1 1879
1 8086
1 8189
1 2828
1 1794
1 7849
1 394
1 6269
1 6843
1 5027
1 7709
1 7188
1 1332
1 4475
1 7064
1 8213
1 6912
1 8787
1 3697
1 4536
1 6656